<?xml version="1.0" encoding="UTF-8"?>
<!-- Generated by org.testng.reporters.JUnitReportReporter -->
<testsuite hostname="Manish" name="com.appname.tests.DeleteTypeOfWorkTest" tests="1" failures="0" timestamp="1 Aug 2020 02:36:10 GMT" time="62.428" errors="0">
  <testcase name="testDeleteTypeOfWork" time="62.428" classname="com.appname.tests.DeleteTypeOfWorkTest"/>
</testsuite> <!-- com.appname.tests.DeleteTypeOfWorkTest -->
