<?xml version="1.0" encoding="UTF-8"?>
<!-- Generated by org.testng.reporters.JUnitReportReporter -->
<testsuite hostname="Manish" name="com.appname.tests.CreateTypeOfWorkTest" tests="1" failures="0" timestamp="1 Aug 2020 02:34:45 GMT" time="59.676" errors="0">
  <testcase name="testCreateTypeOfWork" time="59.676" classname="com.appname.tests.CreateTypeOfWorkTest"/>
</testsuite> <!-- com.appname.tests.CreateTypeOfWorkTest -->
