<?xml version="1.0" encoding="UTF-8"?>
<!-- Generated by org.testng.reporters.JUnitReportReporter -->
<testsuite hostname="Manish" name="com.appname.tests.AddTasksTest" tests="1" failures="0" timestamp="1 Aug 2020 02:46:54 GMT" time="44.699" errors="0">
  <testcase name="testAddTask" time="44.699" classname="com.appname.tests.AddTasksTest"/>
</testsuite> <!-- com.appname.tests.AddTasksTest -->
