<?xml version="1.0" encoding="UTF-8"?>
<!-- Generated by org.testng.reporters.JUnitReportReporter -->
<testsuite hostname="Manish" name="com.pack2.Tester1" tests="1" failures="0" timestamp="1 Aug 2020 15:22:23 GMT" time="26.903" errors="0">
  <testcase name="test2" time="26.903" classname="com.pack2.Tester1"/>
</testsuite> <!-- com.pack2.Tester1 -->
