<?xml version="1.0" encoding="UTF-8"?>
<!-- Generated by org.testng.reporters.JUnitReportReporter -->
<testsuite hostname="Manish" name="com.pack3.M4a" tests="1" failures="0" timestamp="19 Mar 2020 03:22:05 GMT" time="65.982" errors="0">
  <testcase name="test" time="65.982" classname="com.pack3.M4a"/>
</testsuite> <!-- com.pack3.M4a -->
