<?xml version="1.0" encoding="UTF-8"?>
<!-- Generated by org.testng.reporters.JUnitReportReporter -->
<testsuite hostname="Manish" name="com.pack3.M1" tests="1" failures="0" timestamp="1 Aug 2020 14:56:42 GMT" time="69.811" errors="0">
  <testcase name="test" time="69.811" classname="com.pack3.M1"/>
</testsuite> <!-- com.pack3.M1 -->
