<?xml version="1.0" encoding="UTF-8"?>
<!-- Generated by org.testng.reporters.JUnitReportReporter -->
<testsuite hostname="Manish" name="com.pack1.Client2" tests="1" failures="0" timestamp="1 Aug 2020 15:14:16 GMT" time="45.597" errors="0">
  <testcase name="test2" time="45.597" classname="com.pack1.Client2"/>
</testsuite> <!-- com.pack1.Client2 -->
