<?xml version="1.0" encoding="UTF-8"?>
<!-- Generated by org.testng.reporters.JUnitReportReporter -->
<testsuite hostname="Manish" name="com.pack3.M5" tests="1" failures="0" timestamp="1 Aug 2020 14:57:54 GMT" time="8.528" errors="0">
  <testcase name="test" time="8.528" classname="com.pack3.M5"/>
</testsuite> <!-- com.pack3.M5 -->
