<?xml version="1.0" encoding="UTF-8"?>
<!-- Generated by org.testng.reporters.JUnitReportReporter -->
<testsuite hostname="Manish" name="com.pack3.M2" tests="1" failures="0" timestamp="1 Aug 2020 14:57:21 GMT" time="17.036" errors="0">
  <testcase name="test" time="17.036" classname="com.pack3.M2"/>
</testsuite> <!-- com.pack3.M2 -->
