<?xml version="1.0" encoding="UTF-8"?>
<!-- Generated by org.testng.reporters.JUnitReportReporter -->
<testsuite hostname="Manish" name="com.pack3.M3" tests="1" failures="0" timestamp="23 Feb 2020 04:22:15 GMT" time="84.973" errors="0">
  <testcase name="test" time="84.973" classname="com.pack3.M3"/>
</testsuite> <!-- com.pack3.M3 -->
