<?xml version="1.0" encoding="UTF-8"?>
<!-- Generated by org.testng.reporters.JUnitReportReporter -->
<testsuite hostname="Manish" name="com.pack3.M4" tests="1" failures="0" timestamp="15 Feb 2020 04:17:05 GMT" time="52.783" errors="0">
  <testcase name="test" time="52.783" classname="com.pack3.M4"/>
</testsuite> <!-- com.pack3.M4 -->
