<?xml version="1.0" encoding="UTF-8"?>
<!-- Generated by org.testng.reporters.JUnitReportReporter -->
<testsuite hostname="Manish" name="com.pack3.M2a" tests="1" failures="0" timestamp="19 Mar 2020 03:19:58 GMT" time="14.065" errors="0">
  <testcase name="test" time="14.065" classname="com.pack3.M2a"/>
</testsuite> <!-- com.pack3.M2a -->
