<?xml version="1.0" encoding="UTF-8"?>
<!-- Generated by org.testng.reporters.JUnitReportReporter -->
<testsuite hostname="Manish" name="com.pack1.Client1" tests="1" failures="0" timestamp="1 Aug 2020 15:00:33 GMT" time="12.536" errors="0">
  <testcase name="test" time="12.536" classname="com.pack1.Client1"/>
</testsuite> <!-- com.pack1.Client1 -->
