<?xml version="1.0" encoding="UTF-8"?>
<!-- Generated by org.testng.reporters.JUnitReportReporter -->
<testsuite hostname="Manish" name="com.appname.tests.DeleteTypeOfWorkTest" tests="1" failures="0" timestamp="18 Mar 2020 03:23:43 GMT" time="33.889" errors="0">
  <testcase name="testDeleteTypeOfWork" time="33.889" classname="com.appname.tests.DeleteTypeOfWorkTest"/>
</testsuite> <!-- com.appname.tests.DeleteTypeOfWorkTest -->
