<?xml version="1.0" encoding="UTF-8"?>
<!-- Generated by org.testng.reporters.JUnitReportReporter -->
<testsuite hostname="Manish" name="com.appname.tests.CreateTypeOfWorkTest" tests="1" failures="0" timestamp="18 Mar 2020 03:22:47 GMT" time="58.891" errors="0">
  <testcase name="testCreateTypeOfWork" time="58.891" classname="com.appname.tests.CreateTypeOfWorkTest"/>
</testsuite> <!-- com.appname.tests.CreateTypeOfWorkTest -->
