<?xml version="1.0" encoding="UTF-8"?>
<!-- Generated by org.testng.reporters.JUnitReportReporter -->
<testsuite hostname="Manish" name="com.appname.tests.LoginLogoutTest" tests="1" failures="0" timestamp="18 Mar 2020 02:35:11 GMT" time="25.456" errors="0">
  <testcase name="testLoginLogout" time="25.456" classname="com.appname.tests.LoginLogoutTest"/>
</testsuite> <!-- com.appname.tests.LoginLogoutTest -->
