<?xml version="1.0" encoding="UTF-8"?>
<!-- Generated by org.testng.reporters.JUnitReportReporter -->
<testsuite hostname="Manish" name="com.appname.tests.DownloadReportTest" tests="1" failures="0" timestamp="1 Aug 2020 02:55:45 GMT" time="70.195" errors="0">
  <testcase name="testDownloadReport" time="70.195" classname="com.appname.tests.DownloadReportTest"/>
</testsuite> <!-- com.appname.tests.DownloadReportTest -->
