<?xml version="1.0" encoding="UTF-8"?>
<!-- Generated by org.testng.reporters.JUnitReportReporter -->
<testsuite hostname="Manish" name="com.appname.tests.VerifyWebsiteLinkTest" tests="1" failures="0" timestamp="1 Aug 2020 02:57:54 GMT" time="43.795" errors="0">
  <testcase name="testVerifyWebsiteLink" time="43.795" classname="com.appname.tests.VerifyWebsiteLinkTest"/>
</testsuite> <!-- com.appname.tests.VerifyWebsiteLinkTest -->
