<?xml version="1.0" encoding="UTF-8"?>
<!-- Generated by org.testng.reporters.JUnitReportReporter -->
<testsuite hostname="Manish" name="com.pack3.Tester2" tests="1" failures="0" timestamp="25 Jul 2020 05:20:36 GMT" time="29.663" errors="0">
  <testcase name="test" time="29.663" classname="com.pack3.Tester2"/>
</testsuite> <!-- com.pack3.Tester2 -->
