<?xml version="1.0" encoding="UTF-8"?>
<!-- Generated by org.testng.reporters.JUnitReportReporter -->
<testsuite hostname="Manish" name="com.pack1.Tester2" tests="1" failures="0" timestamp="17 Mar 2020 02:45:29 GMT" time="36.236" errors="0">
  <testcase name="test" time="36.236" classname="com.pack1.Tester2"/>
</testsuite> <!-- com.pack1.Tester2 -->
