<?xml version="1.0" encoding="UTF-8"?>
<!-- Generated by org.testng.reporters.JUnitReportReporter -->
<testsuite hostname="Manish" name="com.pack3.Tester3" tests="1" failures="0" timestamp="25 Jul 2020 05:21:08 GMT" time="18.495" errors="0">
  <testcase name="test" time="18.495" classname="com.pack3.Tester3"/>
</testsuite> <!-- com.pack3.Tester3 -->
