<?xml version="1.0" encoding="UTF-8"?>
<!-- Generated by org.testng.reporters.JUnitReportReporter -->
<testsuite hostname="Manish" name="com.pack2.M2a1" tests="1" failures="0" timestamp="15 Mar 2020 03:33:22 GMT" time="11.121" errors="0">
  <testcase name="test" time="11.121" classname="com.pack2.M2a1"/>
</testsuite> <!-- com.pack2.M2a1 -->
