<?xml version="1.0" encoding="UTF-8"?>
<!-- Generated by org.testng.reporters.JUnitReportReporter -->
<testsuite hostname="Manish" name="com.pack1.Tester1a" tests="1" failures="0" timestamp="17 Mar 2020 02:40:52 GMT" time="24.495" errors="0">
  <testcase name="test" time="24.495" classname="com.pack1.Tester1a"/>
</testsuite> <!-- com.pack1.Tester1a -->
