<?xml version="1.0" encoding="UTF-8"?>
<!-- Generated by org.testng.reporters.JUnitReportReporter -->
<testsuite hostname="Manish" name="com.pack2.M2" tests="1" failures="0" timestamp="15 Mar 2020 03:31:14 GMT" time="9.363" errors="0">
  <testcase name="test" time="9.363" classname="com.pack2.M2"/>
</testsuite> <!-- com.pack2.M2 -->
