<?xml version="1.0" encoding="UTF-8"?>
<!-- Generated by org.testng.reporters.JUnitReportReporter -->
<testsuite hostname="Manish" name="com.pack1.Tester3" tests="1" failures="0" timestamp="17 Mar 2020 02:47:33 GMT" time="20.995" errors="0">
  <testcase name="test" time="20.995" classname="com.pack1.Tester3"/>
</testsuite> <!-- com.pack1.Tester3 -->
