<?xml version="1.0" encoding="UTF-8"?>
<!-- Generated by org.testng.reporters.JUnitReportReporter -->
<testsuite hostname="Manish" name="com.pack1.Tester3a" tests="1" failures="0" timestamp="17 Mar 2020 02:48:02 GMT" time="11.750" errors="0">
  <testcase name="test" time="11.750" classname="com.pack1.Tester3a"/>
</testsuite> <!-- com.pack1.Tester3a -->
