<?xml version="1.0" encoding="UTF-8"?>
<!-- Generated by org.testng.reporters.JUnitReportReporter -->
<testsuite hostname="Manish" name="com.pack3.Tester1" tests="1" failures="0" timestamp="25 Jul 2020 05:19:57 GMT" time="53.875" errors="0">
  <testcase name="test" time="53.875" classname="com.pack3.Tester1"/>
</testsuite> <!-- com.pack3.Tester1 -->
