<?xml version="1.0" encoding="UTF-8"?>
<!-- Generated by org.testng.reporters.JUnitReportReporter -->
<testsuite hostname="Manish" name="com.pack1.Tester1" tests="1" failures="0" timestamp="17 Mar 2020 02:38:51 GMT" time="41.119" errors="0">
  <testcase name="test" time="41.119" classname="com.pack1.Tester1"/>
</testsuite> <!-- com.pack1.Tester1 -->
