<?xml version="1.0" encoding="UTF-8"?>
<!-- Generated by org.testng.reporters.JUnitReportReporter -->
<testsuite hostname="Manish" name="com.pack1.Tester5" tests="1" failures="0" timestamp="17 Mar 2020 03:02:34 GMT" time="14.349" errors="0">
  <testcase name="test" time="14.349" classname="com.pack1.Tester5"/>
</testsuite> <!-- com.pack1.Tester5 -->
